<?xml version="1.0"?>
<!DOCTYPE coverage SYSTEM "http://cobertura.sourceforge.net/xml/coverage-04.dtd">
<coverage 
line-rate="0.27" lines-valid="15" lines-covered="4" branches-valid="4" branches-covered="1" branch-rate="0.25" complexity="0" version="1.0" timestamp="1525694981748">
    <sources>
        <source>--source</source>
        <source>/vagrant/mytest/src/main/scala</source>
        <source>/vagrant/mytest/src/main/java</source>
    </sources>
    <packages>
        <package name="&lt;empty&gt;" line-rate="0.27" branch-rate="0.25" complexity="0">
            <classes>
                <class name="MyMulti" filename="MyMulti.scala" line-rate="0.00" branch-rate="0.00" complexity="0">
                    <methods>
                        <method name="&lt;empty&gt;/MyMulti/multiply" signature="()V" line-rate="0.00" branch-rate="0.00" complexity="0">
                            <lines>
                                <line number="3" hits="0" branch="false"/>
                            </lines>
                        </method>
                        <method name="&lt;empty&gt;/MyMulti/canVote" signature="()V" line-rate="0.00" branch-rate="0.00" complexity="0">
                            <lines>
                                <line number="8" hits="0" branch="false"/>
                                <line number="7" hits="0" branch="false"/>
                                <line number="7" hits="0" branch="false"/>
                                <line number="8" hits="0" branch="false"/>
                                <line number="7" hits="0" branch="false"/>
                            </lines>
                        </method>
                    </methods>
                    <lines>
                        <line number="8" hits="0" branch="false"/>
                        <line number="7" hits="0" branch="false"/>
                        <line number="3" hits="0" branch="false"/>
                        <line number="7" hits="0" branch="false"/>
                        <line number="8" hits="0" branch="false"/>
                        <line number="7" hits="0" branch="false"/>
                    </lines>
                </class>
                <class name="Employee" filename="Employee.scala" line-rate="0.00" branch-rate="0.00" complexity="0">
                    <methods>
                        <method name="&lt;empty&gt;/Employee/fullName" signature="()V" line-rate="0.00" branch-rate="0.00" complexity="0">
                            <lines>
                                <line number="3" hits="0" branch="false"/>
                                <line number="3" hits="0" branch="false"/>
                                <line number="3" hits="0" branch="false"/>
                            </lines>
                        </method>
                    </methods>
                    <lines>
                        <line number="3" hits="0" branch="false"/>
                        <line number="3" hits="0" branch="false"/>
                        <line number="3" hits="0" branch="false"/>
                    </lines>
                </class>
                <class name="MyUtil" filename="MyUtil.scala" line-rate="0.67" branch-rate="0.50" complexity="0">
                    <methods>
                        <method name="&lt;empty&gt;/MyUtil/canVote" signature="()V" line-rate="0.60" branch-rate="0.50" complexity="0">
                            <lines>
                                <line number="7" hits="1" branch="false"/>
                                <line number="8" hits="0" branch="false"/>
                                <line number="7" hits="1" branch="false"/>
                                <line number="7" hits="1" branch="false"/>
                                <line number="8" hits="0" branch="false"/>
                            </lines>
                        </method>
                        <method name="&lt;empty&gt;/MyUtil/multiply" signature="()V" line-rate="1.00" branch-rate="1.00" complexity="0">
                            <lines>
                                <line number="3" hits="1" branch="false"/>
                            </lines>
                        </method>
                    </methods>
                    <lines>
                        <line number="7" hits="1" branch="false"/>
                        <line number="8" hits="0" branch="false"/>
                        <line number="7" hits="1" branch="false"/>
                        <line number="3" hits="1" branch="false"/>
                        <line number="7" hits="1" branch="false"/>
                        <line number="8" hits="0" branch="false"/>
                    </lines>
                </class>
            </classes>
        </package>
    </packages>
</coverage>
